# JRE version: OpenJDK Runtime Environment (21.0.6) (build 21.0.6+-13391695-b895.109)
# Java VM: OpenJDK 64-Bit Server VM (21.0.6+-13391695-b895.109, mixed mode, tiered, compressed oops, compressed class ptrs, g1 gc, windows-amd64)
GC Precious Log:
 CardTable entry size: 512
 Card Set container configuration: InlinePtr #cards 5 size 8 Array Of Cards #cards 12 size 40 Howl #buckets 4 coarsen threshold 1843 Howl Bitmap #cards 512 size 80 coarsen threshold 460 Card regions per heap region 1 cards per card region 2048
 CPUs: 12 total, 12 available
 Memory: 16307M
 Large Page Support: Disabled
 NUMA Support: Disabled
 Compressed Oops: Enabled (32-bit)
 Heap Region Size: 1M
 Heap Min Capacity: 8M
 Heap Initial Capacity: 256M
 Heap Max Capacity: 2G
 Pre-touch: Disabled
 Parallel Workers: 10
 Concurrent Workers: 3
 Concurrent Refinement Workers: 10
 Periodic GC: Disabled
Heap:
 garbage-first heap   total 312320K, used 211161K [0x0000000080000000, 0x0000000100000000)
  region size 1024K, 34 young (34816K), 11 survivors (11264K)
 Metaspace       used 130593K, committed 132928K, reserved 1179648K
  class space    used 17422K, committed 18560K, reserved 1048576K
GC Heap History (20 events):
Event: 29.776 GC heap before
{Heap before GC invocations=53 (full 0):
 garbage-first heap   total 260096K, used 235562K [0x0000000080000000, 0x0000000100000000)
  region size 1024K, 79 young (80896K), 5 survivors (5120K)
 Metaspace       used 116264K, committed 118528K, reserved 1179648K
  class space    used 15826K, committed 16960K, reserved 1048576K
}
Event: 29.780 GC heap after
{Heap after GC invocations=54 (full 0):
 garbage-first heap   total 260096K, used 162184K [0x0000000080000000, 0x0000000100000000)
  region size 1024K, 7 young (7168K), 7 survivors (7168K)
 Metaspace       used 116264K, committed 118528K, reserved 1179648K
  class space    used 15826K, committed 16960K, reserved 1048576K
}
Event: 30.521 GC heap before
{Heap before GC invocations=54 (full 0):
 garbage-first heap   total 260096K, used 237960K [0x0000000080000000, 0x0000000100000000)
  region size 1024K, 81 young (82944K), 7 survivors (7168K)
 Metaspace       used 116266K, committed 118528K, reserved 1179648K
  class space    used 15826K, committed 16960K, reserved 1048576K
}
Event: 30.525 GC heap after
{Heap after GC invocations=55 (full 0):
 garbage-first heap   total 260096K, used 163766K [0x0000000080000000, 0x0000000100000000)
  region size 1024K, 8 young (8192K), 8 survivors (8192K)
 Metaspace       used 116266K, committed 118528K, reserved 1179648K
  class space    used 15826K, committed 16960K, reserved 1048576K
}
Event: 31.314 GC heap before
{Heap before GC invocations=55 (full 0):
 garbage-first heap   total 260096K, used 236470K [0x0000000080000000, 0x0000000100000000)
  region size 1024K, 79 young (80896K), 8 survivors (8192K)
 Metaspace       used 116267K, committed 118528K, reserved 1179648K
  class space    used 15826K, committed 16960K, reserved 1048576K
}
Event: 31.317 GC heap after
{Heap after GC invocations=56 (full 0):
 garbage-first heap   total 260096K, used 167063K [0x0000000080000000, 0x0000000100000000)
  region size 1024K, 9 young (9216K), 9 survivors (9216K)
 Metaspace       used 116267K, committed 118528K, reserved 1179648K
  class space    used 15826K, committed 16960K, reserved 1048576K
}
Event: 31.925 GC heap before
{Heap before GC invocations=57 (full 0):
 garbage-first heap   total 280576K, used 234647K [0x0000000080000000, 0x0000000100000000)
  region size 1024K, 75 young (76800K), 9 survivors (9216K)
 Metaspace       used 116220K, committed 118528K, reserved 1179648K
  class space    used 15816K, committed 16960K, reserved 1048576K
}
Event: 31.929 GC heap after
{Heap after GC invocations=58 (full 0):
 garbage-first heap   total 280576K, used 170067K [0x0000000080000000, 0x0000000100000000)
  region size 1024K, 9 young (9216K), 9 survivors (9216K)
 Metaspace       used 116220K, committed 118528K, reserved 1179648K
  class space    used 15816K, committed 16960K, reserved 1048576K
}
Event: 32.614 GC heap before
{Heap before GC invocations=58 (full 0):
 garbage-first heap   total 280576K, used 255059K [0x0000000080000000, 0x0000000100000000)
  region size 1024K, 92 young (94208K), 9 survivors (9216K)
 Metaspace       used 116220K, committed 118528K, reserved 1179648K
  class space    used 15816K, committed 16960K, reserved 1048576K
}
Event: 32.619 GC heap after
{Heap after GC invocations=59 (full 0):
 garbage-first heap   total 280576K, used 171261K [0x0000000080000000, 0x0000000100000000)
  region size 1024K, 9 young (9216K), 9 survivors (9216K)
 Metaspace       used 116220K, committed 118528K, reserved 1179648K
  class space    used 15816K, committed 16960K, reserved 1048576K
}
Event: 33.225 GC heap before
{Heap before GC invocations=59 (full 0):
 garbage-first heap   total 280576K, used 255229K [0x0000000080000000, 0x0000000100000000)
  region size 1024K, 91 young (93184K), 9 survivors (9216K)
 Metaspace       used 116220K, committed 118528K, reserved 1179648K
  class space    used 15816K, committed 16960K, reserved 1048576K
}
Event: 33.229 GC heap after
{Heap after GC invocations=60 (full 0):
 garbage-first heap   total 280576K, used 174553K [0x0000000080000000, 0x0000000100000000)
  region size 1024K, 9 young (9216K), 9 survivors (9216K)
 Metaspace       used 116220K, committed 118528K, reserved 1179648K
  class space    used 15816K, committed 16960K, reserved 1048576K
}
Event: 33.751 GC heap before
{Heap before GC invocations=61 (full 0):
 garbage-first heap   total 291840K, used 255449K [0x0000000080000000, 0x0000000100000000)
  region size 1024K, 88 young (90112K), 9 survivors (9216K)
 Metaspace       used 116220K, committed 118528K, reserved 1179648K
  class space    used 15816K, committed 16960K, reserved 1048576K
}
Event: 33.754 GC heap after
{Heap after GC invocations=62 (full 0):
 garbage-first heap   total 291840K, used 177524K [0x0000000080000000, 0x0000000100000000)
  region size 1024K, 8 young (8192K), 8 survivors (8192K)
 Metaspace       used 116220K, committed 118528K, reserved 1179648K
  class space    used 15816K, committed 16960K, reserved 1048576K
}
Event: 34.656 GC heap before
{Heap before GC invocations=62 (full 0):
 garbage-first heap   total 291840K, used 268660K [0x0000000080000000, 0x0000000100000000)
  region size 1024K, 96 young (98304K), 8 survivors (8192K)
 Metaspace       used 121942K, committed 124288K, reserved 1179648K
  class space    used 16416K, committed 17600K, reserved 1048576K
}
Event: 34.662 GC heap after
{Heap after GC invocations=63 (full 0):
 garbage-first heap   total 291840K, used 180159K [0x0000000080000000, 0x0000000100000000)
  region size 1024K, 10 young (10240K), 10 survivors (10240K)
 Metaspace       used 121942K, committed 124288K, reserved 1179648K
  class space    used 16416K, committed 17600K, reserved 1048576K
}
Event: 34.696 GC heap before
{Heap before GC invocations=63 (full 0):
 garbage-first heap   total 291840K, used 184255K [0x0000000080000000, 0x0000000100000000)
  region size 1024K, 16 young (16384K), 10 survivors (10240K)
 Metaspace       used 122481K, committed 124864K, reserved 1179648K
  class space    used 16479K, committed 17664K, reserved 1048576K
}
Event: 34.700 GC heap after
{Heap after GC invocations=64 (full 0):
 garbage-first heap   total 291840K, used 181178K [0x0000000080000000, 0x0000000100000000)
  region size 1024K, 8 young (8192K), 8 survivors (8192K)
 Metaspace       used 122481K, committed 124864K, reserved 1179648K
  class space    used 16479K, committed 17664K, reserved 1048576K
}
Event: 35.455 GC heap before
{Heap before GC invocations=65 (full 0):
 garbage-first heap   total 312320K, used 270266K [0x0000000080000000, 0x0000000100000000)
  region size 1024K, 91 young (93184K), 8 survivors (8192K)
 Metaspace       used 126389K, committed 128704K, reserved 1179648K
  class space    used 16867K, committed 17984K, reserved 1048576K
}
Event: 35.461 GC heap after
{Heap after GC invocations=66 (full 0):
 garbage-first heap   total 312320K, used 188633K [0x0000000080000000, 0x0000000100000000)
  region size 1024K, 11 young (11264K), 11 survivors (11264K)
 Metaspace       used 126389K, committed 128704K, reserved 1179648K
  class space    used 16867K, committed 17984K, reserved 1048576K
}

